"../../../Engine/Content/ArtTools/RenderToTexture/Enums/RenderToTexture_Enum.uasset" 0
"../../../Engine/Content/ArtTools/RenderToTexture/Enums/RenderToTexture_Flipbook_Enum.uasset" 1
"../../../Engine/Content/ArtTools/RenderToTexture/Enums/RenderToTexture_Imposter_Enum.uasset" 2
"../../../Engine/Content/EditorBlueprintResources/StandardMacros.uasset" 3
"../../../Engine/Content/ArtTools/RenderToTexture/Enums/EIntTypes.uasset" 4
"../../../Engine/Content/ArtTools/RenderToTexture/Macros/RenderToTextureFunctionLibrary.uasset" 5
"../../../Engine/Content/ArtTools/RenderToTexture/Enums/EFloatTypes.uasset" 6
"../../../Engine/Content/ArtTools/RenderToTexture/Macros/RenderToTextureMacros.uasset" 7
"../../../Engine/Content/EngineMaterials/T_Default_Material_Grid_N.uasset" 8
"../../../Engine/Content/EngineMaterials/T_Default_Material_Grid_M.uasset" 9
"../../../Engine/Content/Functions/Engine_MaterialFunctions01/Opacity/CameraDepthFade.uasset" 10
"../../../Engine/Content/EngineMaterials/WorldGridMaterial.uasset" 11
"../../../Engine/Content/ArtTools/RenderToTexture/Meshes/S_1_Unit_Plane.uasset" 12
"../../../Engine/Content/EngineMaterials/DefaultMaterial.uasset" 13
"../../../Engine/Content/BasicShapes/Cone.uasset" 14
"../../../Engine/Content/BasicShapes/Plane.uasset" 15
"../../../Engine/Content/BasicShapes/Sphere.uasset" 16
"../../../Engine/Content/EngineMaterials/DefaultPhysicalMaterial.uasset" 17
"../../../Engine/Content/BufferVisualization/AmbientOcclusion.uasset" 18
"../../../Engine/Content/Functions/Engine_MaterialFunctions02/Utility/AppendMany.uasset" 19
"../../../Engine/Content/BufferVisualization/Anisotropy.uasset" 20
"../../../Engine/Content/BufferVisualization/BaseColor.uasset" 21
"../../../Engine/Content/BufferVisualization/CustomDepth.uasset" 22
"../../../Engine/Content/Functions/Engine_MaterialFunctions02/Utility/VectorLength.uasset" 23
"../../../Engine/Content/BufferVisualization/CustomDepthWorldUnits.uasset" 24
"../../../Engine/Content/Functions/Engine_MaterialFunctions02/Utility/BreakOutFloat2Components.uasset" 25
"../../../Engine/Content/Functions/Engine_MaterialFunctions01/Texturing/ScaleUVsByCenter.uasset" 26
"../../../Engine/Content/EngineMaterials/MiniFont.uasset" 27
"../../../Engine/Content/Functions/Engine_MaterialFunctions02/Utility/MakeFloat3.uasset" 28
"../../../Engine/Content/Functions/Engine_MaterialFunctions02/Utility/MakeFloat2.uasset" 29
"../../../Engine/Content/Functions/Engine_MaterialFunctions02/ScreenResolution.uasset" 30
"../../../Engine/Content/Functions/Engine_MaterialFunctions02/Texturing/ScreenAlignedUVs.uasset" 31
"../../../Engine/Content/BufferVisualization/CustomStencil.uasset" 32
"../../../Engine/Content/BufferVisualization/FinalImage.uasset" 33
"../../../Engine/Content/BufferVisualization/LightingModel.uasset" 34
"../../../Engine/Content/BufferVisualization/MaterialAO.uasset" 35
"../../../Engine/Content/BufferVisualization/Metallic.uasset" 36
"../../../Engine/Content/BufferVisualization/Opacity.uasset" 37
"../../../Engine/Content/BufferVisualization/PostTonemapHDRColor.uasset" 38
"../../../Engine/Content/BufferVisualization/PreTonemapHDRColor.uasset" 39
"../../../Engine/Content/BufferVisualization/Roughness.uasset" 40
"../../../Engine/Content/BufferVisualization/SceneColor.uasset" 41
"../../../Engine/Content/BufferVisualization/SceneDepth.uasset" 42
"../../../Engine/Content/BufferVisualization/SceneDepthWorldUnits.uasset" 43
"../../../Engine/Content/BufferVisualization/SeparateTranslucencyA.uasset" 44
"../../../Engine/Content/BufferVisualization/SeparateTranslucencyRGB.uasset" 45
"../../../Engine/Content/BufferVisualization/Specular.uasset" 46
"../../../Engine/Content/BufferVisualization/SubsurfaceColor.uasset" 47
"../../../Engine/Content/BufferVisualization/Velocity.uasset" 48
"../../../Engine/Content/BufferVisualization/WorldNormal.uasset" 49
"../../../Engine/Content/BufferVisualization/WorldTangent.uasset" 50
"../../../Engine/Content/EditorLandscapeResources/DataLayer.uasset" 51
"../../../Engine/Content/EditorLandscapeResources/DefaultAlphaTexture.uasset" 52
"../../../Engine/Content/EditorLandscapeResources/LandscapeGizmoHeight_Mat.uasset" 53
"../../../Engine/Content/EditorLandscapeResources/LandscapeGizmo_Mat.uasset" 54
"../../../Engine/Content/EditorLandscapeResources/LandscapeGizmo_Mat_Copied.uasset" 55
"../../../Engine/Content/EditorLandscapeResources/SplineEditorMeshMat.uasset" 56
"../../../Engine/Content/EditorLandscapeResources/SplineEditorMesh.uasset" 57
"../../../Engine/Content/EditorMaterials/Cross.uasset" 58
"../../../Engine/Content/EditorMaterials/Cross_Mat.uasset" 59
"../../../Engine/Content/EditorResources/T_EditorHelp.uasset" 60
"../../../Engine/Content/Functions/Engine_MaterialFunctions02/ExampleContent/Textures/DebugNumberPeriod.uasset" 61
"../../../Engine/Content/Functions/Engine_MaterialFunctions02/ExampleContent/DebugNumberStrip.uasset" 62
"../../../Engine/Content/EngineMaterials/DefaultDiffuse.uasset" 63
"../../../Engine/Content/Functions/Engine_MaterialFunctions01/Texturing/TextureCropping.uasset" 64
"../../../Engine/Content/Functions/Engine_MaterialFunctions01/Texturing/ComputeMipLevel.uasset" 65
"../../../Engine/Content/Functions/Engine_MaterialFunctions02/Utility/DebugScalarValues.uasset" 66
"../../../Engine/Content/Functions/Engine_MaterialFunctions02/Utility/DebugFloat2Values.uasset" 67
"../../../Engine/Content/Functions/Engine_MaterialFunctions02/ExampleContent/Textures/flipbook.uasset" 68
"../../../Engine/Content/Functions/Engine_MaterialFunctions02/Texturing/FlipBook.uasset" 69
"../../../Engine/Content/Functions/Engine_MaterialFunctions02/Utility/Sign.uasset" 70
"../../../Engine/Content/Functions/Engine_MaterialFunctions02/Utility/Round.uasset" 71
"../../../Engine/Content/EditorMaterials/HelpActorMaterial.uasset" 72
"../../../Engine/Content/EngineMaterials/BlendFunc_DefBlend.uasset" 73
"../../../Engine/Content/EngineMaterials/BlendFunc_DefBase.uasset" 74
"../../../Engine/Content/Functions/Engine_MaterialFunctions03/Blends/Blend_Screen.uasset" 75
"../../../Engine/Content/EditorMaterials/TilingAALineIntegral.uasset" 76
"../../../Engine/Content/EditorMaterials/TilingAALineBoxFiltered.uasset" 77
"../../../Engine/Content/Functions/Engine_MaterialFunctions03/Procedurals/ComputeFilterWidth.uasset" 78
"../../../Engine/Content/EditorMaterials/TilingAAGrid.uasset" 79
"../../../Engine/Content/EditorMaterials/TilingAADots.uasset" 80
"../../../Engine/Content/EditorMaterials/CompositeARGBLayer.uasset" 81
"../../../Engine/Content/EditorMaterials/LevelGridMaterial.uasset" 82
"../../../Engine/Content/EditorResources/LevelGrid1DStripes.uasset" 83
"../../../Engine/Content/EditorMaterials/TextureGridCascaded1D.uasset" 84
"../../../Engine/Content/EditorMaterials/TextureGridCascaded2D.uasset" 85
"../../../Engine/Content/EditorMaterials/MakeCompositeARGBLayer.uasset" 86
"../../../Engine/Content/EditorMaterials/LevelGridMaterial2.uasset" 87
"../../../Engine/Content/EditorMaterials/MAT_Groups_Toggle.uasset" 88
"../../../Engine/Content/EditorMaterials/MAT_Groups_Visibility.uasset" 89
"../../../Engine/Content/EditorMaterials/AntialiasedGridFloor.uasset" 90
"../../../Engine/Content/EngineMaterials/Grid.uasset" 91
"../../../Engine/Content/EditorResources/TilePatine_N.uasset" 92
"../../../Engine/Content/EditorResources/TilePatine_D.uasset" 93
"../../../Engine/Content/EditorMaterials/PersonaFloorMat.uasset" 94
"../../../Engine/Content/EditorMaterials/PhAT_BoneSelectedMaterial.uasset" 95
"../../../Engine/Content/EditorMaterials/PhAT_ElemSelectedMaterial.uasset" 96
"../../../Engine/Content/EditorMaterials/PhAT_NoCollisionMaterial.uasset" 97
"../../../Engine/Content/EditorMaterials/PhAT_UnselectedMaterial.uasset" 98
"../../../Engine/Content/EditorMaterials/PreviewShadowIndicator.uasset" 99
"../../../Engine/Content/EditorMaterials/PreviewShadowIndicatorMaterial.uasset" 100
"../../../Engine/Content/EditorMaterials/TargetIcon.uasset" 101
"../../../Engine/Content/EditorMaterials/Tick.uasset" 102
"../../../Engine/Content/EditorMaterials/Tick_Mat.uasset" 103
"../../../Engine/Content/EditorMaterials/WidgetGridVertexColorMaterial.uasset" 104
"../../../Engine/Content/EditorMaterials/WidgetGridVertexColorMaterial_Ma.uasset" 105
"../../../Engine/Content/EditorMaterials/WidgetMaterial.uasset" 106
"../../../Engine/Content/EditorMaterials/WidgetMaterial_Current.uasset" 107
"../../../Engine/Content/EditorMaterials/WidgetMaterial_X.uasset" 108
"../../../Engine/Content/EditorMaterials/WidgetMaterial_Y.uasset" 109
"../../../Engine/Content/EditorMaterials/WidgetMaterial_Z.uasset" 110
"../../../Engine/Content/EditorMaterials/WidgetVertexColorMaterial.uasset" 111
"../../../Engine/Content/EditorMaterials/AssetViewer/EpicQuadPanorama_CC+EV1.uasset" 112
"../../../Engine/Content/MapTemplates/Sky/SunsetAmbientCubemap.uasset" 113
"../../../Engine/Content/EditorMaterials/AssetViewer/M_SkyBox.uasset" 114
"../../../Engine/Content/EditorMaterials/MatineeGroups/MAT_ColorTrack.uasset" 115
"../../../Engine/Content/EditorMaterials/MatineeGroups/MAT_Groups_Anim.uasset" 116
"../../../Engine/Content/EditorMaterials/MatineeGroups/MAT_Groups_AudioMaster.uasset" 117
"../../../Engine/Content/EditorMaterials/MatineeGroups/MAT_Groups_Director.uasset" 118
"../../../Engine/Content/EditorMaterials/MatineeGroups/MAT_Groups_Event.uasset" 119
"../../../Engine/Content/EditorMaterials/MatineeGroups/MAT_Groups_Fade.uasset" 120
"../../../Engine/Content/EditorMaterials/MatineeGroups/MAT_Groups_Float.uasset" 121
"../../../Engine/Content/EditorMaterials/MatineeGroups/MAT_Groups_Move.uasset" 122
"../../../Engine/Content/EditorMaterials/MatineeGroups/MAT_Groups_Slomo.uasset" 123
"../../../Engine/Content/EditorMaterials/MatineeGroups/MAT_Groups_Sound.uasset" 124
"../../../Engine/Content/EditorMaterials/MatineeGroups/MAT_Groups_Vector.uasset" 125
"../../../Engine/Content/EditorMaterials/ParticleSystems/PSysThumbnail_NoImage.uasset" 126
"../../../Engine/Content/EditorMaterials/ParticleSystems/PSysThumbnail_OOD.uasset" 127
"../../../Engine/Content/EditorMaterials/Thumbnails/FloorPlaneMaterial.uasset" 128
"../../../Engine/Content/EditorMeshes/EditorCube.uasset" 129
"../../../Engine/Content/EditorMeshes/EditorCylinder.uasset" 130
"../../../Engine/Content/EditorMeshes/EditorPlane.uasset" 131
"../../../Engine/Content/EditorMaterials/Thumbnails/SkySphereMaterial.uasset" 132
"../../../Engine/Content/EditorMeshes/EditorSkySphere.uasset" 133
"../../../Engine/Content/EditorMeshes/EditorSphere.uasset" 134
"../../../Engine/Content/EditorResources/MatineeCam_D.uasset" 135
"../../../Engine/Content/EditorMaterials/MatineeCam_mat.uasset" 136
"../../../Engine/Content/EditorMeshes/MatineeCam_SM.uasset" 137
"../../../Engine/Content/Functions/Engine_MaterialFunctions01/Shading/ConvertFromDiffSpec.uasset" 138
"../../../Engine/Content/EditorMaterials/GridMaterial.uasset" 139
"../../../Engine/Content/EditorMeshes/PhAT_FloorBox.uasset" 140
"../../../Engine/Content/EditorMeshes/PlanarReflectionPlane.uasset" 141
"../../../Engine/Content/EditorMeshes/AssetViewer/Floor_Mesh.uasset" 142
"../../../Engine/Content/EditorMeshes/AssetViewer/Sphere_inversenormals.uasset" 143
"../../../Engine/Content/EngineDebugMaterials/M_SimpleOpaque.uasset" 144
"../../../Engine/Content/EditorMaterials/Camera/MI_CineMat_CamViewFinder.uasset" 145
"../../../Engine/Content/EditorMaterials/Camera/CineMat.uasset" 146
"../../../Engine/Content/EditorMaterials/Camera/MI_CineMat_CameraBody.uasset" 147
"../../../Engine/Content/EditorMeshes/Camera/SM_CineCam.uasset" 148
"../../../Engine/Content/EditorMaterials/Camera/MI_CineMat_Rig.uasset" 149
"../../../Engine/Content/EditorMeshes/Camera/SM_CraneRig_Arm.uasset" 150
"../../../Engine/Content/EditorMeshes/Camera/SM_CraneRig_Base.uasset" 151
"../../../Engine/Content/EditorMeshes/Camera/SM_CraneRig_Body.uasset" 152
"../../../Engine/Content/EditorMeshes/Camera/SM_CraneRig_Mount.uasset" 153
"../../../Engine/Content/EditorMeshes/Camera/SM_RailRig_Mount.uasset" 154
"../../../Engine/Content/EditorMeshes/Camera/SM_RailRig_Track.uasset" 155
"../../../Engine/Content/EditorMeshes/ColorCalibrator/M_ChromeBall.uasset" 156
"../../../Engine/Content/EditorResources/Bad.uasset" 157
"../../../Engine/Content/EditorResources/BSPVertex.uasset" 158
"../../../Engine/Content/EditorResources/EmptyActor.uasset" 159
"../../../Engine/Content/EditorResources/MatInstActSprite.uasset" 160
"../../../Engine/Content/EditorResources/SceneManager.uasset" 161
"../../../Engine/Content/EditorResources/SmallFont.uasset" 162
"../../../Engine/Content/EditorResources/S_Actor.uasset" 163
"../../../Engine/Content/EditorResources/S_CameraShakeSource.uasset" 164
"../../../Engine/Content/EditorResources/S_DecalActorIcon.uasset" 165
"../../../Engine/Content/EditorResources/S_Emitter.uasset" 166
"../../../Engine/Content/EditorResources/S_ExpoHeightFog.uasset" 167
"../../../Engine/Content/EditorResources/S_FTest.uasset" 168
"../../../Engine/Content/EditorResources/S_KBSJoint.uasset" 169
"../../../Engine/Content/EditorResources/S_KHinge.uasset" 170
"../../../Engine/Content/EditorResources/S_KPrismatic.uasset" 171
"../../../Engine/Content/EditorResources/S_LevelSequence.uasset" 172
"../../../Engine/Content/EditorResources/S_NavP.uasset" 173
"../../../Engine/Content/EditorResources/S_Note.uasset" 174
"../../../Engine/Content/EditorResources/S_Player.uasset" 175
"../../../Engine/Content/EditorResources/S_PortalActorIcon2.uasset" 176
"../../../Engine/Content/EditorResources/S_RadForce.uasset" 177
"../../../Engine/Content/EditorResources/S_ReflActorIcon.uasset" 178
"../../../Engine/Content/EditorResources/S_SkyAtmosphere.uasset" 179
"../../../Engine/Content/EditorResources/S_Solver.uasset" 180
"../../../Engine/Content/EditorResources/S_Terrain.uasset" 181
"../../../Engine/Content/EditorResources/S_TextRenderActorIcon.uasset" 182
"../../../Engine/Content/EditorResources/S_Thruster.uasset" 183
"../../../Engine/Content/EditorResources/S_Trigger.uasset" 184
"../../../Engine/Content/EditorResources/S_VectorFieldVol.uasset" 185
"../../../Engine/Content/EditorResources/S_VolumetricCloud.uasset" 186
"../../../Engine/Content/EditorResources/S_WindDirectional.uasset" 187
"../../../Engine/Content/EditorResources/AI/S_NavLink.uasset" 188
"../../../Engine/Content/EditorResources/LightIcons/SkyLight.uasset" 189
"../../../Engine/Content/EditorResources/LightIcons/S_LightDirectional.uasset" 190
"../../../Engine/Content/EditorResources/LightIcons/S_LightDirectionalMove.uasset" 191
"../../../Engine/Content/EditorResources/LightIcons/S_LightError.uasset" 192
"../../../Engine/Content/EditorResources/LightIcons/S_LightPoint.uasset" 193
"../../../Engine/Content/EditorResources/LightIcons/S_LightPointMove.uasset" 194
"../../../Engine/Content/EditorResources/LightIcons/S_LightSpot.uasset" 195
"../../../Engine/Content/EditorResources/LightIcons/S_LightSpotMove.uasset" 196
"../../../Engine/Content/EditorResources/SequenceRecorder/Countdown.uasset" 197
"../../../Engine/Content/EditorResources/SequenceRecorder/RecordingIndicator.uasset" 198
"../../../Engine/Content/EditorResources/Spline/T_Loft_Spline.uasset" 199
"../../../Engine/Content/EditorSounds/Notifications/CompileFailed.uasset" 200
"../../../Engine/Content/EditorSounds/Notifications/CompileFailed_Cue.uasset" 201
"../../../Engine/Content/EditorSounds/Notifications/CompileSuccess.uasset" 202
"../../../Engine/Content/EditorSounds/Notifications/CompileStart_Cue.uasset" 203
"../../../Engine/Content/EngineDamageTypes/DmgTypeBP_Environmental.uasset" 204
"../../../Engine/Content/EngineDebugMaterials/HeatmapGradient.uasset" 205
"../../../Engine/Content/EngineDebugMaterials/BoneWeightMaterial.uasset" 206
"../../../Engine/Content/EngineDebugMaterials/ClothMaterial.uasset" 207
"../../../Engine/Content/EngineDebugMaterials/ClothMaterial_WF.uasset" 208
"../../../Engine/Content/EngineDebugMaterials/DebugEditorMaterial.uasset" 209
"../../../Engine/Content/EngineDebugMaterials/DebugMeshMaterial.uasset" 210
"../../../Engine/Content/EngineDebugMaterials/GeomMaterial.uasset" 211
"../../../Engine/Content/EngineDebugMaterials/LevelColorationLitMaterial.uasset" 212
"../../../Engine/Content/EngineDebugMaterials/LevelColorationUnlitMaterial.uasset" 213
"../../../Engine/Content/EngineMaterials/DefaultWhiteGrid.uasset" 214
"../../../Engine/Content/EngineDebugMaterials/MAT_LevelColorationLitLightmapUV.uasset" 215
"../../../Engine/Content/EngineDebugMaterials/M_SimpleUnlitTranslucent.uasset" 216
"../../../Engine/Content/EngineDebugMaterials/VolumeToRender.uasset" 217
"../../../Engine/Content/Functions/Engine_MaterialFunctions02/Utility/CameraDirectionVector.uasset" 218
"../../../Engine/Content/EngineDebugMaterials/M_VolumeRenderSphereTracePP.uasset" 219
"../../../Engine/Content/EngineMaterials/DefaultWhiteGrid_Low.uasset" 220
"../../../Engine/Content/EngineDebugMaterials/PhysicalMaterialMaskMaterial.uasset" 221
"../../../Engine/Content/EngineDebugMaterials/ShadedLevelColorationLitMaterial.uasset" 222
"../../../Engine/Content/EngineDebugMaterials/ShadedLevelColorationUnlitMateri.uasset" 223
"../../../Engine/Content/EngineDebugMaterials/VertexColorMaterial.uasset" 224
"../../../Engine/Content/EngineDebugMaterials/VertexColorViewMode_AlphaAsColor.uasset" 225
"../../../Engine/Content/EngineDebugMaterials/VertexColorViewMode_BlueOnly.uasset" 226
"../../../Engine/Content/EngineDebugMaterials/VertexColorViewMode_ColorOnly.uasset" 227
"../../../Engine/Content/EngineDebugMaterials/VertexColorViewMode_GreenOnly.uasset" 228
"../../../Engine/Content/EngineDebugMaterials/VertexColorViewMode_RedOnly.uasset" 229
"../../../Engine/Content/EngineDebugMaterials/WireframeMaterial.uasset" 230
"../../../Engine/Content/EngineFonts/Faces/RobotoRegular.uasset" 231
"../../../Engine/Content/EngineFonts/Faces/RobotoLight.uasset" 232
"../../../Engine/Content/EngineFonts/Faces/RobotoItalic.uasset" 233
"../../../Engine/Content/EngineFonts/Faces/RobotoBoldItalic.uasset" 234
"../../../Engine/Content/EngineFonts/Faces/RobotoBold.uasset" 235
"../../../Engine/Content/EngineFonts/Faces/DroidSansFallback.uasset" 236
"../../../Engine/Content/EngineFonts/Roboto.uasset" 237
"../../../Engine/Content/EngineFonts/Faces/RobotoTiny.uasset" 238
"../../../Engine/Content/EngineFonts/RobotoTiny.uasset" 239
"../../../Engine/Content/EngineFonts/SmallFont.uasset" 240
"../../../Engine/Content/EngineFonts/TinyFont.uasset" 241
"../../../Engine/Content/EngineMaterials/BaseFlattenNormalMap.uasset" 242
"../../../Engine/Content/EngineMaterials/BaseFlattenGrayscaleMap.uasset" 243
"../../../Engine/Content/EngineMaterials/BaseFlattenEmissiveMap.uasset" 244
"../../../Engine/Content/EngineMaterials/BaseFlattenDiffuseMap.uasset" 245
"../../../Engine/Content/EngineMaterials/BaseFlattenMaterial.uasset" 246
"../../../Engine/Content/EngineResources/WhiteSquareTexture.uasset" 247
"../../../Engine/Content/EngineMaterials/BlinkingCaret.uasset" 248
"../../../Engine/Content/EngineMaterials/BlueNoise.uasset" 249
"../../../Engine/Content/EngineMaterials/DefaultBloomKernel.uasset" 250
"../../../Engine/Content/EngineMaterials/DefaultBokeh.uasset" 251
"../../../Engine/Content/EngineMaterials/DefaultDeferredDecalMaterial.uasset" 252
"../../../Engine/Content/EngineMaterials/DefaultLightFunctionMaterial.uasset" 253
"../../../Engine/Content/EngineMaterials/DefaultNormal.uasset" 254
"../../../Engine/Content/EngineMaterials/DefaultPostProcessMaterial.uasset" 255
"../../../Engine/Content/EngineFonts/RobotoDistanceField.uasset" 256
"../../../Engine/Content/EngineMaterials/DefaultTextMaterialOpaque.uasset" 257
"../../../Engine/Content/EngineMaterials/EditorBrushMaterial.uasset" 258
"../../../Engine/Content/EngineMaterials/EmissiveMeshMaterial.uasset" 259
"../../../Engine/Content/EngineMaterials/GizmoMaterial.uasset" 260
"../../../Engine/Content/EngineMaterials/Good64x64TilingNoiseHighFreq.uasset" 261
"../../../Engine/Content/EngineMaterials/Grid_N.uasset" 262
"../../../Engine/Content/EngineMaterials/HighResolutionScreenshotMaskFunction.uasset" 263
"../../../Engine/Content/EngineMaterials/HighResScreenshot.uasset" 264
"../../../Engine/Content/EngineMaterials/HighResScreenshotCaptureRegion.uasset" 265
"../../../Engine/Content/EngineMaterials/HighResScreenshotMask.uasset" 266
"../../../Engine/Content/EngineMaterials/LandscapeHolePhysicalMaterial.uasset" 267
"../../../Engine/Content/EngineMaterials/InvalidLightmapSettings.uasset" 268
"../../../Engine/Content/EngineMaterials/M_InvalidLightmapSettings.uasset" 269
"../../../Engine/Content/EngineMaterials/PaperDiffuse.uasset" 270
"../../../Engine/Content/EngineMaterials/PaperNormal.uasset" 271
"../../../Engine/Content/Functions/Engine_MaterialFunctions02/WorldPositionOffset/CameraOffset.uasset" 272
"../../../Engine/Content/EngineMaterials/PhAT_JointLimitMaterial.uasset" 273
"../../../Engine/Content/EngineMaterials/PhysMat_Rubber.uasset" 274
"../../../Engine/Content/EngineMaterials/PreintegratedSkinBRDF.uasset" 275
"../../../Engine/Content/EngineMaterials/RemoveSurfaceMaterial.uasset" 276
"../../../Engine/Content/EngineMaterials/WeightMapPlaceholderTexture.uasset" 277
"../../../Engine/Content/Functions/Engine_MaterialFunctions01/ImageAdjustment/sRGBToLinear.uasset" 278
"../../../Engine/Content/Functions/Engine_MaterialFunctions02/Utility/BreakOutFloat3Components.uasset" 279
"../../../Engine/Content/EngineMaterials/Widget3DCameraPassThrough_Opaque_OneSided.uasset" 280
"../../../Engine/Content/EngineMaterials/Widget3DPassThrough.uasset" 281
"../../../Engine/Content/EngineMaterials/Widget3DPassThrough_Masked.uasset" 282
"../../../Engine/Content/EngineMaterials/Widget3DPassThrough_Opaque.uasset" 283
"../../../Engine/Content/EngineMaterials/Widget3DPassThrough_Masked_OneSided.uasset" 284
"../../../Engine/Content/EngineMaterials/Widget3DPassThrough_Opaque_OneSided.uasset" 285
"../../../Engine/Content/EngineMaterials/Widget3DPassThrough_Translucent.uasset" 286
"../../../Engine/Content/EngineMaterials/Widget3DPassThrough_Translucent_OneSided.uasset" 287
"../../../Engine/Content/EngineMeshes/Cube.uasset" 288
"../../../Engine/Content/EngineMeshes/Cylinder.uasset" 289
"../../../Engine/Content/EngineMeshes/Sphere.uasset" 290
"../../../Engine/Content/EngineResources/Black.uasset" 291
"../../../Engine/Content/EngineResources/DefaultTextureCube.uasset" 292
"../../../Engine/Content/EngineResources/DefaultVolumeTexture2D.uasset" 293
"../../../Engine/Content/EngineResources/DefaultVolumeTexture.uasset" 294
"../../../Engine/Content/EngineResources/GradientTexture0.uasset" 295
"../../../Engine/Content/EngineResources/StreamingPauseIcon.uasset" 296
"../../../Engine/Content/EngineResources/M_StreamingPause.uasset" 297
"../../../Engine/Content/EngineSky/VolumetricClouds/T_NoiseShape64.uasset" 298
"../../../Engine/Content/EngineSky/VolumetricClouds/T_VolumeNoiseShape64.uasset" 299
"../../../Engine/Content/EngineSky/VolumetricClouds/T_NoiseErosion.uasset" 300
"../../../Engine/Content/EngineSky/VolumetricClouds/T_VolumeNoiseErosion32.uasset" 301
"../../../Engine/Content/EngineSky/VolumetricClouds/CloudWeatherTexture.uasset" 302
"../../../Engine/Content/EngineSky/VolumetricClouds/CloudGradientTexture.uasset" 303
"../../../Engine/Content/EngineSky/VolumetricClouds/m_SimpleVolumetricCloud.uasset" 304
"../../../Engine/Content/EngineSky/VolumetricClouds/m_SimpleVolumetricCloud_Inst.uasset" 305
"../../../Engine/Content/EngineSounds/Master.uasset" 306
"../../../Engine/Content/Functions/Engine_MaterialFunctions01/Shading/PowerToRoughness.uasset" 307
"../../../Engine/Content/Maps/Templates/Thumbnails/Default.uasset" 308
"../../../Engine/Content/Maps/Templates/Thumbnails/TimeOfDay.uasset" 309
"../../../Engine/Content/Maps/Templates/Thumbnails/VR-Basic.uasset" 310
"../../../Engine/Content/MapTemplates/Sky/DaylightAmbientCubemap.uasset" 311
"../../../Engine/Content/MobileResources/T_MobileControls_texture.uasset" 312
"../../../Engine/Content/MobileResources/T_MobileMenu2.uasset" 313
"../../../Engine/Content/MobileResources/HUD/AnalogHat.uasset" 314
"../../../Engine/Content/MobileResources/HUD/VirtualJoystick_Thumb.uasset" 315
"../../../Engine/Content/MobileResources/HUD/VirtualJoystick_Background.uasset" 316
"../../../Engine/Content/MobileResources/HUD/DefaultVirtualJoysticks.uasset" 317
"../../../Engine/Content/MobileResources/HUD/LeftVirtualJoystickOnly.uasset" 318
"../../../Engine/Content/MobileResources/HUD/MobileHUDButton1_off.uasset" 319
"../../../Engine/Content/MobileResources/HUD/MobileHUDButton1_on.uasset" 320
"../../../Engine/Content/MobileResources/HUD/MobileHUDButton2_off.uasset" 321
"../../../Engine/Content/MobileResources/HUD/MobileHUDButton2_on.uasset" 322
"../../../Engine/Content/MobileResources/HUD/MobileHUDButton3.uasset" 323
"../../../Engine/Content/MobileResources/HUD/MobileHUDButtonFire.uasset" 324
"../../../Engine/Content/MobileResources/HUD/MobileHUDDirectionPad.uasset" 325
"../../../Engine/Content/MobileResources/HUD/MobileHUDDirectionPad2.uasset" 326
"../../../Engine/Content/MobileResources/HUD/MobileHUDDirectionPad3.uasset" 327
"../../../Engine/Content/MobileResources/HUD/MobileHUDDirectionStick.uasset" 328
"../../../Engine/Content/MobileResources/HUD/T_Castle_ThumbstickInner.uasset" 329
"../../../Engine/Content/MobileResources/HUD/T_Castle_ThumbstickOutter.uasset" 330
"../../../Engine/Content/Tutorial/ContentIntroCurve.uasset" 331
"../../../Engine/Content/Tutorial/Basics/ContentBrowserOverview.uasset" 332
"../../../Engine/Content/Tutorial/Basics/FeaturePacks.uasset" 333
"../../../Engine/Content/Tutorial/Basics/LevelEditorAttract.uasset" 334
"../../../Engine/Content/Tutorial/Basics/TutorialAssets/icon_tab_Levels_40x.uasset" 335
"../../../Engine/Content/Tutorial/Basics/LevelEditorOverview.uasset" 336
"../../../Engine/Content/Tutorial/Basics/TutorialAssets/CameraActor_64x.uasset" 337
"../../../Engine/Content/Tutorial/Basics/ViewportsTutorial.uasset" 338
"../../../Engine/Content/Tutorial/BlueprintTutorials/TutorialAssets/Blueprint_64x.uasset" 339
"../../../Engine/Content/Tutorial/BlueprintTutorials/BlueprintEditorTutorial.uasset" 340
"../../../Engine/Content/Tutorial/BlueprintTutorials/TutorialAssets/BlueprintInterface_64x.uasset" 341
"../../../Engine/Content/Tutorial/BlueprintTutorials/BlueprintInterfacesEditorOverview.uasset" 342
"../../../Engine/Content/Tutorial/BlueprintTutorials/TutorialAssets/BlueprintMacroLibrary_64x.uasset" 343
"../../../Engine/Content/Tutorial/BlueprintTutorials/BlueprintMacroLibrariesEditorOverview.uasset" 344
"../../../Engine/Content/Tutorial/BlueprintTutorials/ClassBlueprintsEditorOverview.uasset" 345
"../../../Engine/Content/Tutorial/BlueprintTutorials/LevelBlueprintEditorOverview.uasset" 346
"../../../Engine/Content/EditorBlueprintResources/ActorMacros.uasset" 347
"../../../Engine/Content/Tutorial/BlueprintTutorials/TutorialAssets/Tutorial_BP_Class.uasset" 348
"../../../Engine/Content/Tutorial/BlueprintTutorials/TutorialAssets/Tutorial_BP_Interface.uasset" 349
"../../../Engine/Content/Tutorial/BlueprintTutorials/TutorialAssets/Tutorial_BP_MacroLib.uasset" 350
"../../../Engine/Content/Tutorial/Code/AddingCode.uasset" 351
"../../../Engine/Content/Tutorial/Foliage/TutorialAssets/Foliage.uasset" 352
"../../../Engine/Content/Tutorial/Foliage/FoliageWalkThrough.uasset" 353
"../../../Engine/Content/Tutorial/Foliage/Foliage_Intro_Tutorial.uasset" 354
"../../../Engine/Content/Tutorial/Foliage/Foliage_Settings_Tutorial.uasset" 355
"../../../Engine/Content/Tutorial/Foliage/Foliage_Using_The_Tool_Tutorial.uasset" 356
"../../../Engine/Content/Tutorial/Installation/InstallingVisualStudioTutorial.uasset" 357
"../../../Engine/Content/Tutorial/Installation/InstallingXCodeTutorial.uasset" 358
"../../../Engine/Content/Tutorial/InWorldBlueprintEditing/IWBE_Tutorial.uasset" 359
"../../../Engine/Content/Tutorial/InWorldBlueprintEditing/IWBE_Tutorial_Part2.uasset" 360
"../../../Engine/Content/Tutorial/InWorldBlueprintEditing/IWBE_Tutorial_Part3.uasset" 361
"../../../Engine/Content/Tutorial/InWorldBlueprintEditing/TutorialAssets/IWBE_Bridge1.uasset" 362
"../../../Engine/Content/Tutorial/InWorldBlueprintEditing/TutorialAssets/IWBE_Bridge2.uasset" 363
"../../../Engine/Content/Tutorial/Landscape/TutorialAssets/Landscape.uasset" 364
"../../../Engine/Content/Tutorial/Landscape/LandscapeWalkThrough.uasset" 365
"../../../Engine/Content/Tutorial/Landscape/Landscape_Manage_Mode.uasset" 366
"../../../Engine/Content/Tutorial/Landscape/Landscape_Painting_Mode.uasset" 367
"../../../Engine/Content/Tutorial/Landscape/Landscape_Sculpt_Mode.uasset" 368
"../../../Engine/Content/Tutorial/Mobile/TutorialAssets/IOS.uasset" 369
"../../../Engine/Content/Tutorial/Mobile/CreatingSigningCertAndProvisionTutorial.uasset" 370
"../../../Engine/Content/Tutorial/Mobile/InstallingiTunesTutorial.uasset" 371
"../../../Engine/Content/Tutorial/Mobile/TutorialAssets/android_Icon.uasset" 372
"../../../Engine/Content/Tutorial/Mobile/SettingUpAndroidTutorial.uasset" 373
"../../../Engine/Content/Tutorial/Mobile/SettingUpLuminTutorial.uasset" 374
"../../../Engine/Content/Tutorial/SubEditors/GettingSubstance.uasset" 375
"../../../Engine/Content/Tutorial/SubEditors/MaterialEditorTutorial.uasset" 376
"../../../Engine/Content/Tutorial/SubEditors/ParticleSystemEditorTutorial.uasset" 377
"../../../Engine/Content/Tutorial/SubEditors/TutorialAssets/icon_ShowSkeletalMeshes_40x.uasset" 378
"../../../Engine/Content/Tutorial/SubEditors/PersonaAnimBlueprintEditorWalkthrough.uasset" 379
"../../../Engine/Content/Tutorial/SubEditors/PersonaAnimEditorWalkthrough.uasset" 380
"../../../Engine/Content/Tutorial/SubEditors/PersonaWalkthrough.uasset" 381
"../../../Engine/Content/Tutorial/SubEditors/SkeletalMeshEditorWalkthrough.uasset" 382
"../../../Engine/Content/Tutorial/SubEditors/SkeletonModeWalkthrough.uasset" 383
"../../../Engine/Content/Tutorial/SubEditors/StaticMeshEditorTutorial.uasset" 384
"../../../Engine/Content/Tutorial/SubEditors/TutorialAssets/icon_Editor_Preferences_General_40x.uasset" 385
"../../../Engine/Content/Tutorial/SubEditors/TutorialAssets/TutorialMaterial.uasset" 386
"../../../Engine/Content/Tutorial/SubEditors/TutorialAssets/T_soft_smoke.uasset" 387
"../../../Engine/Content/Tutorial/SubEditors/TutorialAssets/T_SmokeSubUV_8X8.uasset" 388
"../../../Engine/Content/Tutorial/SubEditors/TutorialAssets/M_smoke_subUV_blackbody.uasset" 389
"../../../Engine/Content/Tutorial/SubEditors/TutorialAssets/TutorialParticleSystem.uasset" 390
"../../../Engine/Content/VREditor/TransformGizmo/TranslucentTransformGizmoMaterial.uasset" 391
"../../../Engine/Content/VREditor/LaserPointer/VR_LaserPower_01.uasset" 392
"../../../Engine/Content/VREditor/TransformGizmo/TransformGizmoMaterial.uasset" 393
"../../../Engine/Content/VREditor/TransformGizmo/BoundingBoxCorner.uasset" 394
"../../../Engine/Content/VREditor/TransformGizmo/BoundingBoxEdge.uasset" 395
"../../../Engine/Content/VREditor/TransformGizmo/PlaneTranslationHandle.uasset" 396
"../../../Engine/Content/VREditor/TransformGizmo/Xray.uasset" 397
"../../../Engine/Content/VREditor/TransformGizmo/Main.uasset" 398
"../../../Engine/Content/VREditor/TransformGizmo/SM_Sequencer_Key.uasset" 399
"../../../Engine/Content/VREditor/TransformGizmo/SM_Sequencer_Node.uasset" 400
"../../../BodyCleanup/Content/Developers/koramga/Sample/FirstPersonBP/FirstPersonOverview.uasset" 401
"../../../BodyCleanup/Content/Game/Controllers/Player/BPBasePlayerAIController.uasset" 402
"../../../BodyCleanup/Content/Resources/Models/Cleaner_Sub/Material/08_-_Default.uasset" 403
"../../../BodyCleanup/Content/Resources/Models/Cleaner_Sub/PA_SubCleaner.uasset" 404
"../../../BodyCleanup/Content/Resources/Models/Cleaner_Sub/SK_SubCleaner.uasset" 405
"../../../BodyCleanup/Content/Resources/Models/Cleaner_Sub/SKM_SubCleaner.uasset" 406
"../../../Engine/Content/Animation/DefaultAnimCurveCompressionSettings.uasset" 407
"../../../Engine/Content/Animation/DefaultAnimBoneCompressionSettings.uasset" 408
"../../../BodyCleanup/Content/Resources/Models/Cleaner_Sub/Animations/ANI_Walk.uasset" 409
"../../../BodyCleanup/Content/Resources/Models/Cleaner_Sub/Animations/ANI_Idle.uasset" 410
"../../../BodyCleanup/Content/Game/Animations/Tank/BSTankMove.uasset" 411
"../../../BodyCleanup/Content/Resources/Models/Cleaner_Sub/Animations/Return/ANI_Sub_Return_Full_Anim.uasset" 412
"../../../BodyCleanup/Content/Resources/Models/Cleaner_Sub/Animations/Jump/NewJump/ANI_cleaner_sub_Jump_Start.uasset" 413
"../../../BodyCleanup/Content/Resources/Models/Cleaner_Sub/Animations/Jump/NewJump/ANI_cleaner_sub_Jump_Loop.uasset" 414
"../../../BodyCleanup/Content/Resources/Models/Cleaner_Sub/Animations/Jump/NewJump/ANI_cleaner_sub_Jump_End.uasset" 415
"../../../BodyCleanup/Content/Resources/Models/Cleaner_Sub/Animations/Change/ANI_Sub_Change_Middle.uasset" 416
"../../../BodyCleanup/Content/Resources/Models/Cleaner_Sub/Animations/Change/ANI_Sub_Change_First.uasset" 417
"../../../BodyCleanup/Content/Resources/Models/Cleaner_Sub/Animations/Change/ANI_Sub_Change_End.uasset" 418
"../../../BodyCleanup/Content/Resources/Models/Cleaner_Sub/Animations/ANI_Combination.uasset" 419
"../../../BodyCleanup/Content/Game/Animations/Tank/APTank.uasset" 420
"../../../BodyCleanup/Content/Game/Characters/Player/BPTank.uasset" 421
"../../../BodyCleanup/Content/Resources/Models/Cleaner_Main/Main_Skeleton.uasset" 422
"../../../BodyCleanup/Content/Resources/Models/Cleaner_Main/Shot/NewShot/ANI_cleaner_main_Vacuum_Loop.uasset" 423
"../../../BodyCleanup/Content/Resources/Models/Cleaner_Main/Jump/ANI_Main_Jump_Middle.uasset" 424
"../../../BodyCleanup/Content/Resources/Models/Cleaner_Main/Jump/ANI_Main_Jump_First.uasset" 425
"../../../BodyCleanup/Content/Resources/Models/Cleaner_Main/Jump/ANI_Main_Jump_End.uasset" 426
"../../../BodyCleanup/Content/Resources/Models/Cleaner_Main/Change/ANI_cleaner_main_Change_Start.uasset" 427
"../../../BodyCleanup/Content/Resources/Models/Cleaner_Main/Change/ANI_cleaner_main_Change_Loop.uasset" 428
"../../../BodyCleanup/Content/Resources/Models/Cleaner_Main/Change/ANI_cleaner_main_Change_End.uasset" 429
"../../../BodyCleanup/Content/Resources/Models/Cleaner_Main/Shot/NewShot/ANI_cleaner_main_Vacuum_Start.uasset" 430
"../../../BodyCleanup/Content/Game/Animations/Morse/ANI_cleaner_main_Vacuum_Start_Reverse.uasset" 431
"../../../BodyCleanup/Content/Resources/Models/Cleaner_Main/Walk/ANI_Main_Right_Walk.uasset" 432
"../../../BodyCleanup/Content/Resources/Models/Cleaner_Main/Walk/ANI_Main_Left_Walk.uasset" 433
"../../../BodyCleanup/Content/Resources/Models/Cleaner_Main/Walk/ANI_Main_Front_Walk.uasset" 434
"../../../BodyCleanup/Content/Resources/Models/Cleaner_Main/Walk/ANI_Main_Back_Walk.uasset" 435
"../../../BodyCleanup/Content/Resources/Models/Cleaner_Main/Walk/ANI_Main_Idle_Anim.uasset" 436
"../../../BodyCleanup/Content/Game/Animations/Morse/BSMorseMove.uasset" 437
"../../../BodyCleanup/Content/Resources/Models/Cleaner_Main/Shot/Throw/ANI_cleaner_main_Vacuum_Throw_Start.uasset" 438
"../../../BodyCleanup/Content/Resources/Models/Cleaner_Main/Shot/Throw/ANI_cleaner_main_Vacuum_Throw_Loop.uasset" 439
"../../../BodyCleanup/Content/Resources/Models/Cleaner_Main/Shot/Throw/ANI_cleaner_main_Vacuum_Throw_End.uasset" 440
"../../../BodyCleanup/Content/Resources/Models/Cleaner_Main/Shot/NewShot/ANI_cleaner_main_Vacuum_Shot.uasset" 441
"../../../BodyCleanup/Content/Game/Animations/Morse/APMorse.uasset" 442
"../../../BodyCleanup/Content/Resources/Models/Cleaner_Main/ANI_Main_Idle_PhysicsAsset.uasset" 443
"../../../BodyCleanup/Content/Resources/Models/Cleaner_Main/Material__31.uasset" 444
"../../../BodyCleanup/Content/Resources/Models/Cleaner_Main/ANI_Main_Idle.uasset" 445
"../../../BodyCleanup/Content/Resources/Meshes/RangeStaticMesh.uasset" 446
"../../../BodyCleanup/Content/Resources/SuperGrid/StarterPack/Materials/Functions/UV/UV_CustomPanner.uasset" 447
"../../../BodyCleanup/Content/Resources/SuperGrid/StarterPack/Source/Textures/T_BasicGrid_M.uasset" 448
"../../../BodyCleanup/Content/Resources/SuperGrid/StarterPack/Materials/Functions/UV/UV_SetupGrid.uasset" 449
"../../../BodyCleanup/Content/Resources/SuperGrid/StarterPack/Materials/Functions/Texture/Tex_SimpleGrid.uasset" 450
"../../../Engine/Content/Functions/Engine_MaterialFunctions02/WorldPositionOffset/ObjectScale.uasset" 451
"../../../BodyCleanup/Content/Resources/SuperGrid/StarterPack/Materials/Functions/UV/UV_ObjectScalable.uasset" 452
"../../../Engine/Content/Functions/Engine_MaterialFunctions02/Utility/Sine_Remapped.uasset" 453
"../../../BodyCleanup/Content/Resources/SuperGrid/StarterPack/Materials/Base/M_SuperGrid_Holographic.uasset" 454
"../../../BodyCleanup/Content/Resources/StarterContent/Textures/T_Metal_Steel_N.uasset" 455
"../../../BodyCleanup/Content/Resources/StarterContent/Textures/T_Metal_Steel_D.uasset" 456
"../../../BodyCleanup/Content/Resources/StarterContent/Textures/T_MacroVariation.uasset" 457
"../../../BodyCleanup/Content/Resources/StarterContent/Materials/M_Metal_Steel.uasset" 458
"../../../BodyCleanup/Content/Resources/Meshes/Cube.uasset" 459
"../../../BodyCleanup/Content/Resources/Meshes/Cube_DM.uasset" 460
"../../../BodyCleanup/Content/Developers/koramga/Actors/BPDestrutibleRigid.uasset" 461
"../../../BodyCleanup/Content/Game/Characters/Player/BPMorse.uasset" 462
"../../../BodyCleanup/Content/Game/Controllers/Player/BPBasePlayerController.uasset" 463
"../../../BodyCleanup/Content/Game/Game/BPBaseGameMode.uasset" 464
"../../Plugins/2D/Paper2D/Content/PlaceholderTextures/DummySpriteTexture.uasset" 465
"../../Plugins/2D/Paper2D/Content/DummySprite.uasset" 466
"../../Plugins/2D/Paper2D/Content/DefaultPaperTerrainMaterial.uasset" 467
"../../Plugins/2D/Paper2D/Content/DefaultSpriteMaterial.uasset" 468
"../../Plugins/2D/Paper2D/Content/MaskedUnlitSpriteMaterial.uasset" 469
"../../Plugins/2D/Paper2D/Content/OpaqueUnlitSpriteMaterial.uasset" 470
"../../Plugins/2D/Paper2D/Content/Tutorial/Paper2D/TutorialAssets/Paper2DFlipbook_TutorialIcon.uasset" 471
"../../Plugins/2D/Paper2D/Content/Tutorial/Paper2D/FlipbookEditorTutorial.uasset" 472
"../../Plugins/2D/Paper2D/Content/Tutorial/Paper2D/TutorialAssets/Paper2DSprite_TutorialIcon.uasset" 473
"../../Plugins/2D/Paper2D/Content/Tutorial/Paper2D/SpriteEditorTutorial.uasset" 474
"../../Plugins/Editor/SpeedTreeImporter/Content/SpeedTree9/UnpackInteger3.uasset" 475
"../../Plugins/Editor/SpeedTreeImporter/Content/SpeedTree9/UnpackDirection.uasset" 476
"../../Plugins/Editor/SpeedTreeImporter/Content/SpeedTree9/game_wind_noise.uasset" 477
"../../../Engine/Content/Functions/Engine_MaterialFunctions02/SafeNormalize.uasset" 478
"../../Plugins/Editor/SpeedTreeImporter/Content/SpeedTree9/SpeedTreeWindMotion.uasset" 479
"../../Plugins/Editor/SpeedTreeImporter/Content/SpeedTree9/SpeedTreeBranchMotion.uasset" 480
"../../../Engine/Content/Functions/Engine_MaterialFunctions02/ObjectLocalBounds.uasset" 481
"../../../Engine/Content/Functions/Engine_MaterialFunctions02/UVs/BoundingBoxBased_0-1_UVW.uasset" 482
"../../Plugins/Editor/SpeedTreeImporter/Content/SpeedTree9/SpeedTreeWind.uasset" 483
"../../Plugins/Editor/SpeedTreeImporter/Content/SpeedTree9/SpeedTreeBillboard.uasset" 484
"../../../Engine/Content/EngineResources/DefaultTexture.uasset" 485
"../../Plugins/Editor/SpeedTreeImporter/Content/SpeedTree9/SpeedTreeBillboardMaster.uasset" 486
"../../Plugins/Editor/SpeedTreeImporter/Content/SpeedTree9/SpeedTreeCameraFacing.uasset" 487
"../../Plugins/Editor/SpeedTreeImporter/Content/SpeedTree9/SpeedTreeMaster.uasset" 488
"../../Plugins/FX/Niagara/Content/Enums/ENiagaraAnimTrailWidthMode.uasset" 489
"../../Plugins/FX/Niagara/Content/Enums/ENiagaraArraySamplingMode.uasset" 490
"../../Plugins/FX/Niagara/Content/Enums/ENiagaraBoneSamplingMode.uasset" 491
"../../Plugins/FX/Niagara/Content/Enums/ENiagaraBoneSocketSamplingMode.uasset" 492
"../../Plugins/FX/Niagara/Content/Enums/ENiagaraBooleanLogicOps.uasset" 493
"../../Plugins/FX/Niagara/Content/Enums/ENiagaraBooleanLogicOps_v2.uasset" 494
"../../Plugins/FX/Niagara/Content/Enums/ENiagaraCalculateRadiusOptions.uasset" 495
"../../Plugins/FX/Niagara/Content/Enums/ENiagaraChannelCorrelation.uasset" 496
"../../Plugins/FX/Niagara/Content/Enums/ENiagaraCollisionRadiusOptions.uasset" 497
"../../Plugins/FX/Niagara/Content/Enums/ENiagaraCoordinateSpace.uasset" 498
"../../Plugins/FX/Niagara/Content/Enums/ENiagaraCurlNoiseQuality.uasset" 499
"../../Plugins/FX/Niagara/Content/Enums/ENiagaraEmitterLifeCycleMode.uasset" 500
"../../Plugins/FX/Niagara/Content/Enums/ENiagaraEmitterScalabilityMode.uasset" 501
"../../Plugins/FX/Niagara/Content/Enums/ENiagaraEmitterScalabilityMode_Limited.uasset" 502
"../../Plugins/FX/Niagara/Content/Enums/ENiagaraExecutionStateManagement.uasset" 503
"../../Plugins/FX/Niagara/Content/Enums/ENiagaraExpansionMode.uasset" 504
"../../Plugins/FX/Niagara/Content/Enums/ENiagaraFrictionMergeType.uasset" 505
"../../Plugins/FX/Niagara/Content/Enums/ENiagaraGPUDepthResponseType.uasset" 506
"../../Plugins/FX/Niagara/Content/Enums/ENiagaraGridPlacementType.uasset" 507
"../../Plugins/FX/Niagara/Content/Enums/ENiagaraInactiveMode.uasset" 508
"../../Plugins/FX/Niagara/Content/Enums/ENiagaraKillVolumeOptions.uasset" 509
"../../Plugins/FX/Niagara/Content/Enums/ENiagaraLinearColor_Channels.uasset" 510
"../../Plugins/FX/Niagara/Content/Enums/ENiagaraMassByVolume.uasset" 511
"../../Plugins/FX/Niagara/Content/Enums/ENiagaraMassCalculationForRendererTypes.uasset" 512
"../../Plugins/FX/Niagara/Content/Enums/ENiagaraMeshOrSprite.uasset" 513
"../../Plugins/FX/Niagara/Content/Enums/ENiagaraMeshSamplingMode.uasset" 514
"../../Plugins/FX/Niagara/Content/Enums/ENiagaraMeshSurfaceSamplingMode.uasset" 515
"../../Plugins/FX/Niagara/Content/Enums/ENiagaraMeshTransforms.uasset" 516
"../../Plugins/FX/Niagara/Content/Enums/ENiagaraMinOrMax.uasset" 517
"../../Plugins/FX/Niagara/Content/Enums/ENiagaraNumericVariableTypes.uasset" 518
"../../Plugins/FX/Niagara/Content/Enums/ENiagaraOrientationAxis.uasset" 519
"../../Plugins/FX/Niagara/Content/Enums/ENiagaraQuaternionDerivationTechnique.uasset" 520
"../../Plugins/FX/Niagara/Content/Enums/ENiagaraRandomnessEvaluation.uasset" 521
"../../Plugins/FX/Niagara/Content/Enums/ENiagaraRandomnessMode.uasset" 522
"../../Plugins/FX/Niagara/Content/Enums/ENiagaraRestitutionMergeType.uasset" 523
"../../Plugins/FX/Niagara/Content/Enums/ENiagaraScaleColorMode.uasset" 524
"../../Plugins/FX/Niagara/Content/Enums/ENiagaraSimulationTarget.uasset" 525
"../../Plugins/FX/Niagara/Content/Enums/ENiagaraSkeletalSpawning.uasset" 526
"../../Plugins/FX/Niagara/Content/Enums/ENiagaraSkelSamplingFilteringMode.uasset" 527
"../../Plugins/FX/Niagara/Content/Enums/ENiagaraSkelSamplingModeFull.uasset" 528
"../../Plugins/FX/Niagara/Content/Enums/ENiagaraSocketSamplingMode.uasset" 529
"../../Plugins/FX/Niagara/Content/Enums/ENiagaraSphereDistributionMode.uasset" 530
"../../Plugins/FX/Niagara/Content/Enums/ENiagaraSUbUVAnimationMode.uasset" 531
"../../Plugins/FX/Niagara/Content/Enums/ENiagaraSystemInactiveMode.uasset" 532
"../../Plugins/FX/Niagara/Content/Enums/ENiagaraTorusDistributionMode.uasset" 533
"../../Plugins/FX/Niagara/Content/Enums/ENiagaraTorusMode.uasset" 534
"../../Plugins/FX/Niagara/Content/Enums/ENiagaraTriangleSamplingMode.uasset" 535
"../../Plugins/FX/Niagara/Content/Enums/ENiagaraVector2_Channels.uasset" 536
"../../Plugins/FX/Niagara/Content/Enums/ENiagaraVector3_Channels.uasset" 537
"../../Plugins/FX/Niagara/Content/Enums/ENiagaraVector4_Channels.uasset" 538
"../../Plugins/FX/Niagara/Content/Enums/ENiagaraVertexFilteringMode.uasset" 539
"../../Plugins/FX/Niagara/Content/Enums/ENiagaraVertexSamplingMode.uasset" 540
"../../Plugins/FX/Niagara/Content/Enums/ENiagara_AudioParamType.uasset" 541
"../../Plugins/FX/Niagara/Content/Enums/ENiagara_BankOnTurns.uasset" 542
"../../Plugins/FX/Niagara/Content/Enums/ENiagara_CameraMeshOrientation.uasset" 543
"../../Plugins/FX/Niagara/Content/Enums/ENiagara_CameraProperties.uasset" 544
"../../Plugins/FX/Niagara/Content/Enums/ENiagara_CollisionType.uasset" 545
"../../Plugins/FX/Niagara/Content/Enums/ENiagara_ColorInitializationMode.uasset" 546
"../../Plugins/FX/Niagara/Content/Enums/ENiagara_CPUCollisionType.uasset" 547
"../../Plugins/FX/Niagara/Content/Enums/ENiagara_DirectReadApplicationMode.uasset" 548
"../../Plugins/FX/Niagara/Content/Enums/ENiagara_DirectReadParticleIDSampling.uasset" 549
"../../Plugins/FX/Niagara/Content/Enums/ENiagara_DirectReadSamplingMode.uasset" 550
"../../Plugins/FX/Niagara/Content/Enums/ENiagara_EmitterLocSamplingMode.uasset" 551
"../../Plugins/FX/Niagara/Content/Enums/ENiagara_EmitterStateOptions.uasset" 552
"../../Plugins/FX/Niagara/Content/Enums/ENiagara_FadeOperationType.uasset" 553
"../../Plugins/FX/Niagara/Content/Enums/ENiagara_Float4Channel.uasset" 554
"../../Plugins/FX/Niagara/Content/Enums/ENiagara_GPUCollisionType.uasset" 555
"../../Plugins/FX/Niagara/Content/Enums/ENiagara_IDAttributes.uasset" 556
"../../Plugins/FX/Niagara/Content/Enums/ENiagara_InfiniteLoopDuration.uasset" 557
"../../Plugins/FX/Niagara/Content/Enums/ENiagara_LifetimeInheritanceOptions.uasset" 558
"../../Plugins/FX/Niagara/Content/Enums/ENiagara_LifetimeMode.uasset" 559
"../../Plugins/FX/Niagara/Content/Enums/ENiagara_MassInitializationMode.uasset" 560
"../../Plugins/FX/Niagara/Content/Enums/ENiagara_MultipleLerpCount.uasset" 561
"../../Plugins/FX/Niagara/Content/Enums/ENiagara_PositionInitializationMode.uasset" 562
"../../Plugins/FX/Niagara/Content/Enums/ENiagara_RotationDefinitionApproach.uasset" 563
"../../Plugins/FX/Niagara/Content/Enums/ENiagara_SizeScaleMode.uasset" 564
"../../Plugins/FX/Niagara/Content/Enums/ENiagara_SpawnBurstMode.uasset" 565
"../../Plugins/FX/Niagara/Content/Enums/ENiagara_SpriteRotationMode.uasset" 566
"../../Plugins/FX/Niagara/Content/Enums/ENiagara_SubUVLookupMode.uasset" 567
"../../Plugins/FX/Niagara/Content/Enums/ENiagara_TransformBaseOptions.uasset" 568
"../../Plugins/FX/Niagara/Content/Enums/ENiagara_TransformMode.uasset" 569
"../../Plugins/FX/Niagara/Content/Enums/ENiagara_TransformOrientationMode.uasset" 570
"../../Plugins/FX/Niagara/Content/Enums/ENiagara_UVFlippingMode.uasset" 571
"../../Plugins/FX/Niagara/Content/Enums/Niagara_Units.uasset" 572
"../../Plugins/FX/Niagara/Content/Enums/CascadeConversion/ECascadeNiagaraOrbitChainMode.uasset" 573
"../../Plugins/FX/Niagara/Content/Enums/CascadeConversion/ECascadeNiagaraTwoVectorChannels.uasset" 574
"../../Plugins/FX/Niagara/Content/Icons/S_ParticleSystem.uasset" 575
"../../../Engine/Content/BasicShapes/Cylinder.uasset" 576
"../../../Engine/Content/ArtTools/RenderToTexture/Materials/Debug/M_Emissive_Color.uasset" 577
"../../Plugins/Lumin/MagicLeapPassableWorld/Content/MagicLeapARPinInfoActor.uasset" 578
"../../../Engine/Content/Functions/Engine_MaterialFunctions02/Utility/BreakOutFloat4Components.uasset" 579
"../../Plugins/Runtime/Oculus/OculusVR/Content/Materials/OculusMR_ChromaKey.uasset" 580
"../../Plugins/Runtime/Oculus/OculusVR/Content/Materials/OculusMR_OpaqueColoredMaterial.uasset" 581
"../../Plugins/Runtime/Oculus/OculusVR/Content/Materials/PokeAHoleMaterial.uasset" 582
"../../../Engine/Content/Maps/Entry_BuiltData.uasset" 583
"../../../Engine/Content/Maps/Entry.umap" 584
"../../../BodyCleanup/Content/Resources/Meshes/SM_PH_Wall_4x4_1.uasset" 585
"../../../BodyCleanup/Content/Resources/Meshes/SM_PH_Door_Double_4x4.uasset" 586
"../../../BodyCleanup/Content/Resources/Textures/T_Grid.uasset" 587
"../../../BodyCleanup/Content/Resources/Materials/TechArt/MF_CheapLF_Vec2.uasset" 588
"../../../Engine/Content/Functions/Engine_MaterialFunctions02/WorldPositionOffset/ObjectPivotPoint.uasset" 589
"../../../BodyCleanup/Content/Resources/Materials/TechArt/MF_LDGrid_Triplanar.uasset" 590
"../../../BodyCleanup/Content/Resources/Materials/M_LDGrid_Local.uasset" 591
"../../../BodyCleanup/Content/Resources/Materials/MI_LDGrid_Local_Grey.uasset" 592
"../../../BodyCleanup/Content/Resources/Materials/MI_LDGrid_Local_LockedDoor.uasset" 593
"../../../BodyCleanup/Content/Game/Actors/New/BPDoor.uasset" 594
"../../../BodyCleanup/Content/Game/Levels/SampleLevel_BuiltData.uasset" 595
"../../../Engine/Content/BasicShapes/Cube.uasset" 596
"../../../BodyCleanup/Content/Game/Actors/New/BPDynamicMovementActor.uasset" 597
"../../../BodyCleanup/Content/Resources/StarterContent/Textures/T_Ground_Grass_N.uasset" 598
"../../../BodyCleanup/Content/Resources/StarterContent/Textures/T_Ground_Grass_D.uasset" 599
"../../../BodyCleanup/Content/Resources/StarterContent/Textures/T_Perlin_Noise_M.uasset" 600
"../../../BodyCleanup/Content/Resources/StarterContent/Materials/M_Ground_Grass.uasset" 601
"../../../BodyCleanup/Content/Game/Actors/BPJunk.uasset" 602
"../../../Engine/Content/MapTemplates/SM_Template_Map_Floor.uasset" 603
"../../../Engine/Content/EngineSky/T_Sky_Stars.uasset" 604
"../../../Engine/Content/EngineSky/T_Sky_Clouds_M.uasset" 605
"../../../Engine/Content/EngineSky/T_Sky_Blue.uasset" 606
"../../../Engine/Content/EngineSky/M_Sky_Panning_Clouds2.uasset" 607
"../../../Engine/Content/EngineSky/SM_SkySphere.uasset" 608
"../../../Engine/Content/EngineSky/C_Sky_Zenith_Color.uasset" 609
"../../../Engine/Content/EngineSky/C_Sky_Horizon_Color.uasset" 610
"../../../Engine/Content/EngineSky/C_Sky_Cloud_Color.uasset" 611
"../../../Engine/Content/EngineSky/BP_Sky_Sphere.uasset" 612
"../../../BodyCleanup/Content/Game/Levels/SampleLevel.umap" 613
"../../../BodyCleanup/Content/Game/Actors/New/BPNewWarp.uasset" 614
"../../../BodyCleanup/Content/Resources/StarterContent/Materials/M_Basic_Wall.uasset" 615
"../../../BodyCleanup/Content/Resources/StarterContent/Shapes/Shape_Cube.uasset" 616
"../../../BodyCleanup/Content/Resources/Materials/MI_LDGrid_Cover.uasset" 617
"../../../BodyCleanup/Content/Resources/SuperGrid/StarterPack/Materials/Functions/Basic/BreakSet.uasset" 618
"../../../BodyCleanup/Content/Resources/SuperGrid/StarterPack/Materials/Functions/Texture/Dye_SingleColor.uasset" 619
"../../../BodyCleanup/Content/Resources/SuperGrid/StarterPack/Source/Textures/T_BasicGrid_N.uasset" 620
"../../../BodyCleanup/Content/Resources/SuperGrid/StarterPack/Materials/Functions/Basic/Roughness.uasset" 621
"../../../BodyCleanup/Content/Resources/SuperGrid/StarterPack/Materials/Functions/Basic/MakeSet.uasset" 622
"../../../BodyCleanup/Content/Resources/SuperGrid/StarterPack/Materials/Base/M_SuperGrid_SingleColor.uasset" 623
"../../../BodyCleanup/Content/Resources/SuperGrid/StarterPack/Materials/Palette/Grids/M_SuperGrid_Default.uasset" 624
"../../../BodyCleanup/Content/Resources/SuperGrid/StarterPack/Source/Meshes/SuperGrid_Box.uasset" 625
"../../../BodyCleanup/Content/Resources/Materials/MI_LDGrid_Local_Red.uasset" 626
"../../../BodyCleanup/Content/Game/Actors/New/BPButtonTag.uasset" 627
"../../../BodyCleanup/Content/Game/Levels/WarpLevel_BuiltData.uasset" 628
"../../../BodyCleanup/Content/Game/Levels/WarpLevel.umap" 629
